
*** Running vivado
    with args -log system_wrapper.vdi -applog -m64 -product Vivado -messageDb vivado.pb -mode batch -source system_wrapper.tcl -notrace


****** Vivado v2018.1 (64-bit)
  **** SW Build 2188600 on Wed Apr  4 18:40:38 MDT 2018
  **** IP Build 2185939 on Wed Apr  4 20:55:05 MDT 2018
    ** Copyright 1986-2018 Xilinx, Inc. All Rights Reserved.

source system_wrapper.tcl -notrace
INFO: [IP_Flow 19-234] Refreshing IP repositories
INFO: [IP_Flow 19-1700] Loaded user IP repository 'd:/ZYNQ_study/zynq_project/led_ip'.
INFO: [IP_Flow 19-1700] Loaded user IP repository 'd:/ZYNQ_study/zynq_project/San_Counter'.
INFO: [IP_Flow 19-2313] Loaded Vivado IP repository 'C:/Xilinx/Vivado/2018.1/data/ip'.
add_files: Time (s): cpu = 00:00:05 ; elapsed = 00:00:13 . Memory (MB): peak = 291.051 ; gain = 45.098
Command: link_design -top system_wrapper -part xc7z020clg400-1
Design is defaulting to srcset: sources_1
Design is defaulting to constrset: constrs_1
INFO: [Project 1-454] Reading design checkpoint 'd:/ZYNQ_study/zynq_project/lab6_IRQ/lab6_IRQ.srcs/sources_1/bd/system/ip/system_processing_system7_0_0/system_processing_system7_0_0.dcp' for cell 'system_i/processing_system7_0'
INFO: [Project 1-454] Reading design checkpoint 'd:/ZYNQ_study/zynq_project/lab6_IRQ/lab6_IRQ.srcs/sources_1/bd/system/ip/system_rst_ps7_0_100M_0/system_rst_ps7_0_100M_0.dcp' for cell 'system_i/rst_ps7_0_100M'
INFO: [Project 1-454] Reading design checkpoint 'd:/ZYNQ_study/zynq_project/lab6_IRQ/lab6_IRQ.srcs/sources_1/bd/system/ip/system_san_cnt_0_0/system_san_cnt_0_0.dcp' for cell 'system_i/san_cnt_0'
INFO: [Project 1-454] Reading design checkpoint 'd:/ZYNQ_study/zynq_project/lab6_IRQ/lab6_IRQ.srcs/sources_1/bd/system/ip/system_xbar_0/system_xbar_0.dcp' for cell 'system_i/ps7_0_axi_periph/xbar'
INFO: [Project 1-454] Reading design checkpoint 'd:/ZYNQ_study/zynq_project/lab6_IRQ/lab6_IRQ.srcs/sources_1/bd/system/ip/system_auto_pc_0/system_auto_pc_0.dcp' for cell 'system_i/ps7_0_axi_periph/m04_couplers/auto_pc'
INFO: [Project 1-454] Reading design checkpoint 'd:/ZYNQ_study/zynq_project/lab6_IRQ/lab6_IRQ.srcs/sources_1/bd/system/ip/system_auto_pc_1/system_auto_pc_1.dcp' for cell 'system_i/ps7_0_axi_periph/s00_couplers/auto_pc'
INFO: [Netlist 29-17] Analyzing 26 Unisim elements for replacement
INFO: [Netlist 29-28] Unisim Transformation completed in 0 CPU seconds
INFO: [Project 1-479] Netlist was created with Vivado 2018.1
INFO: [Device 21-403] Loading part xc7z020clg400-1
INFO: [Project 1-570] Preparing netlist for logic optimization
Parsing XDC File [d:/ZYNQ_study/zynq_project/lab6_IRQ/lab6_IRQ.srcs/sources_1/bd/system/ip/system_processing_system7_0_0/system_processing_system7_0_0.xdc] for cell 'system_i/processing_system7_0/inst'
Finished Parsing XDC File [d:/ZYNQ_study/zynq_project/lab6_IRQ/lab6_IRQ.srcs/sources_1/bd/system/ip/system_processing_system7_0_0/system_processing_system7_0_0.xdc] for cell 'system_i/processing_system7_0/inst'
Parsing XDC File [d:/ZYNQ_study/zynq_project/lab6_IRQ/lab6_IRQ.srcs/sources_1/bd/system/ip/system_rst_ps7_0_100M_0/system_rst_ps7_0_100M_0_board.xdc] for cell 'system_i/rst_ps7_0_100M/U0'
Finished Parsing XDC File [d:/ZYNQ_study/zynq_project/lab6_IRQ/lab6_IRQ.srcs/sources_1/bd/system/ip/system_rst_ps7_0_100M_0/system_rst_ps7_0_100M_0_board.xdc] for cell 'system_i/rst_ps7_0_100M/U0'
Parsing XDC File [d:/ZYNQ_study/zynq_project/lab6_IRQ/lab6_IRQ.srcs/sources_1/bd/system/ip/system_rst_ps7_0_100M_0/system_rst_ps7_0_100M_0.xdc] for cell 'system_i/rst_ps7_0_100M/U0'
Finished Parsing XDC File [d:/ZYNQ_study/zynq_project/lab6_IRQ/lab6_IRQ.srcs/sources_1/bd/system/ip/system_rst_ps7_0_100M_0/system_rst_ps7_0_100M_0.xdc] for cell 'system_i/rst_ps7_0_100M/U0'
Parsing XDC File [D:/ZYNQ_study/digilent-xdc-master/Zybo-Z7-Master.xdc]
WARNING: [Vivado 12-584] No ports matched 'LED[0]'. [D:/ZYNQ_study/digilent-xdc-master/Zybo-Z7-Master.xdc:27]
CRITICAL WARNING: [Common 17-55] 'set_property' expects at least one object. [D:/ZYNQ_study/digilent-xdc-master/Zybo-Z7-Master.xdc:27]
Resolution: If [get_<value>] was used to populate the object, check to make sure this command returns at least one valid object.
WARNING: [Vivado 12-584] No ports matched 'LED[1]'. [D:/ZYNQ_study/digilent-xdc-master/Zybo-Z7-Master.xdc:28]
CRITICAL WARNING: [Common 17-55] 'set_property' expects at least one object. [D:/ZYNQ_study/digilent-xdc-master/Zybo-Z7-Master.xdc:28]
Resolution: If [get_<value>] was used to populate the object, check to make sure this command returns at least one valid object.
WARNING: [Vivado 12-584] No ports matched 'LED[2]'. [D:/ZYNQ_study/digilent-xdc-master/Zybo-Z7-Master.xdc:29]
CRITICAL WARNING: [Common 17-55] 'set_property' expects at least one object. [D:/ZYNQ_study/digilent-xdc-master/Zybo-Z7-Master.xdc:29]
Resolution: If [get_<value>] was used to populate the object, check to make sure this command returns at least one valid object.
WARNING: [Vivado 12-584] No ports matched 'LED[3]'. [D:/ZYNQ_study/digilent-xdc-master/Zybo-Z7-Master.xdc:30]
CRITICAL WARNING: [Common 17-55] 'set_property' expects at least one object. [D:/ZYNQ_study/digilent-xdc-master/Zybo-Z7-Master.xdc:30]
Resolution: If [get_<value>] was used to populate the object, check to make sure this command returns at least one valid object.
Finished Parsing XDC File [D:/ZYNQ_study/digilent-xdc-master/Zybo-Z7-Master.xdc]
INFO: [Opt 31-138] Pushed 0 inverter(s) to 0 load pin(s).
INFO: [Project 1-111] Unisim Transformation Summary:
No Unisim elements were transformed.

17 Infos, 4 Warnings, 4 Critical Warnings and 0 Errors encountered.
link_design completed successfully
link_design: Time (s): cpu = 00:00:08 ; elapsed = 00:00:25 . Memory (MB): peak = 665.277 ; gain = 374.227
Command: opt_design
Attempting to get a license for feature 'Implementation' and/or device 'xc7z020'
INFO: [Common 17-349] Got license for feature 'Implementation' and/or device 'xc7z020'
Running DRC as a precondition to command opt_design

Starting DRC Task
INFO: [DRC 23-27] Running DRC with 2 threads
INFO: [Project 1-461] DRC finished with 0 Errors
INFO: [Project 1-462] Please refer to the DRC report (report_drc) for more information.

Time (s): cpu = 00:00:01 ; elapsed = 00:00:00.926 . Memory (MB): peak = 673.770 ; gain = 8.492
INFO: [Timing 38-35] Done setting XDC timing constraints.

Starting Logic Optimization Task

Phase 1 Retarget
INFO: [Opt 31-138] Pushed 0 inverter(s) to 0 load pin(s).
INFO: [Opt 31-49] Retargeted 0 cell(s).
Phase 1 Retarget | Checksum: 200c6b9d9

Time (s): cpu = 00:00:00 ; elapsed = 00:00:00.447 . Memory (MB): peak = 1213.902 ; gain = 0.000
INFO: [Opt 31-389] Phase Retarget created 0 cells and removed 0 cells

Phase 2 Constant propagation
INFO: [Opt 31-138] Pushed 1 inverter(s) to 1 load pin(s).
Phase 2 Constant propagation | Checksum: 23bb61bb1

Time (s): cpu = 00:00:00 ; elapsed = 00:00:00.601 . Memory (MB): peak = 1213.902 ; gain = 0.000
INFO: [Opt 31-389] Phase Constant propagation created 23 cells and removed 91 cells

Phase 3 Sweep
Phase 3 Sweep | Checksum: 1a0e436af

Time (s): cpu = 00:00:00 ; elapsed = 00:00:02 . Memory (MB): peak = 1213.902 ; gain = 0.000
INFO: [Opt 31-389] Phase Sweep created 0 cells and removed 424 cells

Phase 4 BUFG optimization
Phase 4 BUFG optimization | Checksum: 1a0e436af

Time (s): cpu = 00:00:00 ; elapsed = 00:00:02 . Memory (MB): peak = 1213.902 ; gain = 0.000
INFO: [Opt 31-389] Phase BUFG optimization created 0 cells and removed 0 cells

Phase 5 Shift Register Optimization
Phase 5 Shift Register Optimization | Checksum: 1a0e436af

Time (s): cpu = 00:00:01 ; elapsed = 00:00:02 . Memory (MB): peak = 1213.902 ; gain = 0.000
INFO: [Opt 31-389] Phase Shift Register Optimization created 0 cells and removed 0 cells

Phase 6 Post Processing Netlist
Phase 6 Post Processing Netlist | Checksum: 1a0e436af

Time (s): cpu = 00:00:01 ; elapsed = 00:00:02 . Memory (MB): peak = 1213.902 ; gain = 0.000
INFO: [Opt 31-389] Phase Post Processing Netlist created 0 cells and removed 0 cells

Starting Connectivity Check Task

Time (s): cpu = 00:00:00 ; elapsed = 00:00:00.008 . Memory (MB): peak = 1213.902 ; gain = 0.000
Ending Logic Optimization Task | Checksum: 1a0e436af

Time (s): cpu = 00:00:01 ; elapsed = 00:00:02 . Memory (MB): peak = 1213.902 ; gain = 0.000

Starting Power Optimization Task
INFO: [Pwropt 34-132] Skipping clock gating for clocks with a period < 2.00 ns.
Ending Power Optimization Task | Checksum: 1402ffc93

Time (s): cpu = 00:00:00 ; elapsed = 00:00:00.024 . Memory (MB): peak = 1213.902 ; gain = 0.000
INFO: [Common 17-83] Releasing license: Implementation
33 Infos, 4 Warnings, 4 Critical Warnings and 0 Errors encountered.
opt_design completed successfully
opt_design: Time (s): cpu = 00:00:11 ; elapsed = 00:00:28 . Memory (MB): peak = 1213.902 ; gain = 548.625
INFO: [Timing 38-480] Writing timing data to binary archive.
Writing placer database...
Writing XDEF routing.
Writing XDEF routing logical nets.
Writing XDEF routing special nets.
Write XDEF Complete: Time (s): cpu = 00:00:00 ; elapsed = 00:00:00.196 . Memory (MB): peak = 1213.902 ; gain = 0.000
INFO: [Common 17-1381] The checkpoint 'D:/ZYNQ_study/zynq_project/lab6_IRQ/lab6_IRQ.runs/impl_1/system_wrapper_opt.dcp' has been generated.
INFO: [runtcl-4] Executing : report_drc -file system_wrapper_drc_opted.rpt -pb system_wrapper_drc_opted.pb -rpx system_wrapper_drc_opted.rpx
Command: report_drc -file system_wrapper_drc_opted.rpt -pb system_wrapper_drc_opted.pb -rpx system_wrapper_drc_opted.rpx
INFO: [DRC 23-27] Running DRC with 2 threads
INFO: [Coretcl 2-168] The results of DRC are in file D:/ZYNQ_study/zynq_project/lab6_IRQ/lab6_IRQ.runs/impl_1/system_wrapper_drc_opted.rpt.
report_drc completed successfully
report_drc: Time (s): cpu = 00:00:06 ; elapsed = 00:00:07 . Memory (MB): peak = 1213.902 ; gain = 0.000
Command: place_design
Attempting to get a license for feature 'Implementation' and/or device 'xc7z020'
INFO: [Common 17-349] Got license for feature 'Implementation' and/or device 'xc7z020'
INFO: [DRC 23-27] Running DRC with 2 threads
INFO: [Vivado_Tcl 4-198] DRC finished with 0 Errors
INFO: [Vivado_Tcl 4-199] Please refer to the DRC report (report_drc) for more information.
Running DRC as a precondition to command place_design
INFO: [DRC 23-27] Running DRC with 2 threads
INFO: [Vivado_Tcl 4-198] DRC finished with 0 Errors
INFO: [Vivado_Tcl 4-199] Please refer to the DRC report (report_drc) for more information.

Starting Placer Task
INFO: [Place 30-611] Multithreading enabled for place_design using a maximum of 2 CPUs

Phase 1 Placer Initialization

Phase 1.1 Placer Initialization Netlist Sorting
Netlist sorting complete. Time (s): cpu = 00:00:00 ; elapsed = 00:00:00.025 . Memory (MB): peak = 1213.902 ; gain = 0.000
Phase 1.1 Placer Initialization Netlist Sorting | Checksum: b8b1afe6

Time (s): cpu = 00:00:00 ; elapsed = 00:00:00.066 . Memory (MB): peak = 1213.902 ; gain = 0.000
INFO: [Timing 38-35] Done setting XDC timing constraints.
INFO: [Opt 31-138] Pushed 0 inverter(s) to 0 load pin(s).
Netlist sorting complete. Time (s): cpu = 00:00:00 ; elapsed = 00:00:00.020 . Memory (MB): peak = 1213.902 ; gain = 0.000

Phase 1.2 IO Placement/ Clock Placement/ Build Placer Device
INFO: [Timing 38-35] Done setting XDC timing constraints.
Phase 1.2 IO Placement/ Clock Placement/ Build Placer Device | Checksum: f68b2444

Time (s): cpu = 00:00:04 ; elapsed = 00:00:09 . Memory (MB): peak = 1213.902 ; gain = 0.000

Phase 1.3 Build Placer Netlist Model
Phase 1.3 Build Placer Netlist Model | Checksum: 151d66abe

Time (s): cpu = 00:00:05 ; elapsed = 00:00:11 . Memory (MB): peak = 1213.902 ; gain = 0.000

Phase 1.4 Constrain Clocks/Macros
Phase 1.4 Constrain Clocks/Macros | Checksum: 151d66abe

Time (s): cpu = 00:00:05 ; elapsed = 00:00:11 . Memory (MB): peak = 1213.902 ; gain = 0.000
Phase 1 Placer Initialization | Checksum: 151d66abe

Time (s): cpu = 00:00:05 ; elapsed = 00:00:11 . Memory (MB): peak = 1213.902 ; gain = 0.000

Phase 2 Global Placement
Phase 2 Global Placement | Checksum: 1d2b03f78

Time (s): cpu = 00:00:14 ; elapsed = 00:00:22 . Memory (MB): peak = 1213.902 ; gain = 0.000

Phase 3 Detail Placement

Phase 3.1 Commit Multi Column Macros
Phase 3.1 Commit Multi Column Macros | Checksum: 1d2b03f78

Time (s): cpu = 00:00:14 ; elapsed = 00:00:22 . Memory (MB): peak = 1213.902 ; gain = 0.000

Phase 3.2 Commit Most Macros & LUTRAMs
Phase 3.2 Commit Most Macros & LUTRAMs | Checksum: 1b0f0990a

Time (s): cpu = 00:00:15 ; elapsed = 00:00:22 . Memory (MB): peak = 1213.902 ; gain = 0.000

Phase 3.3 Area Swap Optimization
Phase 3.3 Area Swap Optimization | Checksum: 18391cb31

Time (s): cpu = 00:00:15 ; elapsed = 00:00:22 . Memory (MB): peak = 1213.902 ; gain = 0.000

Phase 3.4 Pipeline Register Optimization
Phase 3.4 Pipeline Register Optimization | Checksum: 18391cb31

Time (s): cpu = 00:00:15 ; elapsed = 00:00:22 . Memory (MB): peak = 1213.902 ; gain = 0.000

Phase 3.5 Small Shape Detail Placement
Phase 3.5 Small Shape Detail Placement | Checksum: c10f9b75

Time (s): cpu = 00:00:15 ; elapsed = 00:00:24 . Memory (MB): peak = 1213.902 ; gain = 0.000

Phase 3.6 Re-assign LUT pins
Phase 3.6 Re-assign LUT pins | Checksum: ba920b86

Time (s): cpu = 00:00:15 ; elapsed = 00:00:24 . Memory (MB): peak = 1213.902 ; gain = 0.000

Phase 3.7 Pipeline Register Optimization
Phase 3.7 Pipeline Register Optimization | Checksum: ba920b86

Time (s): cpu = 00:00:15 ; elapsed = 00:00:24 . Memory (MB): peak = 1213.902 ; gain = 0.000
Phase 3 Detail Placement | Checksum: ba920b86

Time (s): cpu = 00:00:15 ; elapsed = 00:00:24 . Memory (MB): peak = 1213.902 ; gain = 0.000

Phase 4 Post Placement Optimization and Clean-Up

Phase 4.1 Post Commit Optimization
INFO: [Timing 38-35] Done setting XDC timing constraints.

Phase 4.1.1 Post Placement Optimization
Post Placement Optimization Initialization | Checksum: 1181df6ca

Phase 4.1.1.1 BUFG Insertion
INFO: [Physopt 32-721] Multithreading enabled for phys_opt_design using a maximum of 2 CPUs
INFO: [Place 46-31] BUFG insertion identified 0 candidate nets, 0 success, 0 skipped for placement/routing, 0 skipped for timing, 0 skipped for netlist change reason.
Phase 4.1.1.1 BUFG Insertion | Checksum: 1181df6ca

Time (s): cpu = 00:00:16 ; elapsed = 00:00:24 . Memory (MB): peak = 1223.996 ; gain = 10.094
INFO: [Place 30-746] Post Placement Timing Summary WNS=4.514. For the most accurate timing information please run report_timing.
Phase 4.1.1 Post Placement Optimization | Checksum: c753fdd3

Time (s): cpu = 00:00:16 ; elapsed = 00:00:24 . Memory (MB): peak = 1223.996 ; gain = 10.094
Phase 4.1 Post Commit Optimization | Checksum: c753fdd3

Time (s): cpu = 00:00:16 ; elapsed = 00:00:24 . Memory (MB): peak = 1223.996 ; gain = 10.094

Phase 4.2 Post Placement Cleanup
Phase 4.2 Post Placement Cleanup | Checksum: c753fdd3

Time (s): cpu = 00:00:16 ; elapsed = 00:00:24 . Memory (MB): peak = 1223.996 ; gain = 10.094

Phase 4.3 Placer Reporting
Phase 4.3 Placer Reporting | Checksum: c753fdd3

Time (s): cpu = 00:00:16 ; elapsed = 00:00:24 . Memory (MB): peak = 1223.996 ; gain = 10.094

Phase 4.4 Final Placement Cleanup
Phase 4.4 Final Placement Cleanup | Checksum: f1a2141c

Time (s): cpu = 00:00:16 ; elapsed = 00:00:24 . Memory (MB): peak = 1223.996 ; gain = 10.094
Phase 4 Post Placement Optimization and Clean-Up | Checksum: f1a2141c

Time (s): cpu = 00:00:16 ; elapsed = 00:00:24 . Memory (MB): peak = 1223.996 ; gain = 10.094
Ending Placer Task | Checksum: abb4e54f

Time (s): cpu = 00:00:16 ; elapsed = 00:00:24 . Memory (MB): peak = 1223.996 ; gain = 10.094
INFO: [Common 17-83] Releasing license: Implementation
54 Infos, 4 Warnings, 4 Critical Warnings and 0 Errors encountered.
place_design completed successfully
place_design: Time (s): cpu = 00:00:24 ; elapsed = 00:00:34 . Memory (MB): peak = 1223.996 ; gain = 10.094
INFO: [Timing 38-480] Writing timing data to binary archive.
Writing placer database...
Writing XDEF routing.
Writing XDEF routing logical nets.
Writing XDEF routing special nets.
Write XDEF Complete: Time (s): cpu = 00:00:01 ; elapsed = 00:00:00.449 . Memory (MB): peak = 1231.586 ; gain = 7.590
INFO: [Common 17-1381] The checkpoint 'D:/ZYNQ_study/zynq_project/lab6_IRQ/lab6_IRQ.runs/impl_1/system_wrapper_placed.dcp' has been generated.
INFO: [runtcl-4] Executing : report_io -file system_wrapper_io_placed.rpt
report_io: Time (s): cpu = 00:00:00 ; elapsed = 00:00:00.128 . Memory (MB): peak = 1231.586 ; gain = 0.000
INFO: [runtcl-4] Executing : report_utilization -file system_wrapper_utilization_placed.rpt -pb system_wrapper_utilization_placed.pb
report_utilization: Time (s): cpu = 00:00:00 ; elapsed = 00:00:00.099 . Memory (MB): peak = 1231.586 ; gain = 0.000
INFO: [runtcl-4] Executing : report_control_sets -verbose -file system_wrapper_control_sets_placed.rpt
report_control_sets: Time (s): cpu = 00:00:00 ; elapsed = 00:00:00.018 . Memory (MB): peak = 1231.586 ; gain = 0.000
Command: route_design
Attempting to get a license for feature 'Implementation' and/or device 'xc7z020'
INFO: [Common 17-349] Got license for feature 'Implementation' and/or device 'xc7z020'
Running DRC as a precondition to command route_design
INFO: [DRC 23-27] Running DRC with 2 threads
INFO: [Vivado_Tcl 4-198] DRC finished with 0 Errors
INFO: [Vivado_Tcl 4-199] Please refer to the DRC report (report_drc) for more information.


Starting Routing Task
INFO: [Route 35-254] Multithreading enabled for route_design using a maximum of 2 CPUs
Checksum: PlaceDB: 223df2bb ConstDB: 0 ShapeSum: 8976f294 RouteDB: 0

Phase 1 Build RT Design
Phase 1 Build RT Design | Checksum: cf507640

Time (s): cpu = 00:00:25 ; elapsed = 00:00:44 . Memory (MB): peak = 1353.199 ; gain = 121.613
Post Restoration Checksum: NetGraph: 3a582e94 NumContArr: 94f847ac Constraints: 0 Timing: 0

Phase 2 Router Initialization

Phase 2.1 Create Timer
Phase 2.1 Create Timer | Checksum: cf507640

Time (s): cpu = 00:00:25 ; elapsed = 00:00:44 . Memory (MB): peak = 1353.199 ; gain = 121.613

Phase 2.2 Fix Topology Constraints
Phase 2.2 Fix Topology Constraints | Checksum: cf507640

Time (s): cpu = 00:00:25 ; elapsed = 00:00:44 . Memory (MB): peak = 1359.148 ; gain = 127.562

Phase 2.3 Pre Route Cleanup
Phase 2.3 Pre Route Cleanup | Checksum: cf507640

Time (s): cpu = 00:00:25 ; elapsed = 00:00:44 . Memory (MB): peak = 1359.148 ; gain = 127.562
 Number of Nodes with overlaps = 0

Phase 2.4 Update Timing
Phase 2.4 Update Timing | Checksum: 2155b2eae

Time (s): cpu = 00:00:26 ; elapsed = 00:00:45 . Memory (MB): peak = 1362.938 ; gain = 131.352
INFO: [Route 35-416] Intermediate Timing Summary | WNS=4.480  | TNS=0.000  | WHS=-0.163 | THS=-2.031 |

Phase 2 Router Initialization | Checksum: 24b4ad292

Time (s): cpu = 00:00:26 ; elapsed = 00:00:45 . Memory (MB): peak = 1363.949 ; gain = 132.363

Phase 3 Initial Routing
Phase 3 Initial Routing | Checksum: 240e83714

Time (s): cpu = 00:00:26 ; elapsed = 00:00:45 . Memory (MB): peak = 1365.004 ; gain = 133.418

Phase 4 Rip-up And Reroute

Phase 4.1 Global Iteration 0
 Number of Nodes with overlaps = 67
 Number of Nodes with overlaps = 0
INFO: [Route 35-416] Intermediate Timing Summary | WNS=2.790  | TNS=0.000  | WHS=N/A    | THS=N/A    |

Phase 4.1 Global Iteration 0 | Checksum: 2b89154de

Time (s): cpu = 00:00:27 ; elapsed = 00:00:46 . Memory (MB): peak = 1365.004 ; gain = 133.418
Phase 4 Rip-up And Reroute | Checksum: 2b89154de

Time (s): cpu = 00:00:27 ; elapsed = 00:00:46 . Memory (MB): peak = 1365.004 ; gain = 133.418

Phase 5 Delay and Skew Optimization

Phase 5.1 Delay CleanUp

Phase 5.1.1 Update Timing
Phase 5.1.1 Update Timing | Checksum: 1f43a0f5b

Time (s): cpu = 00:00:27 ; elapsed = 00:00:46 . Memory (MB): peak = 1365.004 ; gain = 133.418
INFO: [Route 35-416] Intermediate Timing Summary | WNS=2.790  | TNS=0.000  | WHS=N/A    | THS=N/A    |

Phase 5.1 Delay CleanUp | Checksum: 1f43a0f5b

Time (s): cpu = 00:00:27 ; elapsed = 00:00:46 . Memory (MB): peak = 1365.004 ; gain = 133.418

Phase 5.2 Clock Skew Optimization
Phase 5.2 Clock Skew Optimization | Checksum: 1f43a0f5b

Time (s): cpu = 00:00:27 ; elapsed = 00:00:46 . Memory (MB): peak = 1365.004 ; gain = 133.418
Phase 5 Delay and Skew Optimization | Checksum: 1f43a0f5b

Time (s): cpu = 00:00:27 ; elapsed = 00:00:46 . Memory (MB): peak = 1365.004 ; gain = 133.418

Phase 6 Post Hold Fix

Phase 6.1 Hold Fix Iter

Phase 6.1.1 Update Timing
Phase 6.1.1 Update Timing | Checksum: 258a36a97

Time (s): cpu = 00:00:27 ; elapsed = 00:00:46 . Memory (MB): peak = 1365.004 ; gain = 133.418
INFO: [Route 35-416] Intermediate Timing Summary | WNS=2.790  | TNS=0.000  | WHS=-2.869 | THS=-143.409|


Phase 6.1.2 Lut RouteThru Assignment for hold
Phase 6.1.2 Lut RouteThru Assignment for hold | Checksum: 1dcd9534c

Time (s): cpu = 00:00:49 ; elapsed = 00:01:15 . Memory (MB): peak = 1630.512 ; gain = 398.926
Phase 6.1 Hold Fix Iter | Checksum: 1dcd9534c

Time (s): cpu = 00:00:49 ; elapsed = 00:01:15 . Memory (MB): peak = 1630.512 ; gain = 398.926

Phase 6.2 Additional Hold Fix
INFO: [Route 35-416] Intermediate Timing Summary | WNS=2.621  | TNS=0.000  | WHS=-0.847 | THS=-6.745 |

Phase 6.2 Additional Hold Fix | Checksum: 186855940

Time (s): cpu = 00:00:50 ; elapsed = 00:01:15 . Memory (MB): peak = 1630.512 ; gain = 398.926
Phase 6 Post Hold Fix | Checksum: 1355428e0

Time (s): cpu = 00:00:50 ; elapsed = 00:01:16 . Memory (MB): peak = 1630.512 ; gain = 398.926

Phase 7 Route finalize

Router Utilization Summary
  Global Vertical Routing Utilization    = 0.666977 %
  Global Horizontal Routing Utilization  = 0.569388 %
  Routable Net Status*
  *Does not include unroutable nets such as driverless and loadless.
  Run report_route_status for detailed report.
  Number of Failed Nets               = 0
  Number of Unrouted Nets             = 0
  Number of Partially Routed Nets     = 0
  Number of Node Overlaps             = 0

Phase 7 Route finalize | Checksum: 12bf01883

Time (s): cpu = 00:00:50 ; elapsed = 00:01:16 . Memory (MB): peak = 1630.512 ; gain = 398.926

Phase 8 Verifying routed nets

 Verification completed successfully
Phase 8 Verifying routed nets | Checksum: 12bf01883

Time (s): cpu = 00:00:50 ; elapsed = 00:01:16 . Memory (MB): peak = 1630.512 ; gain = 398.926

Phase 9 Depositing Routes
Phase 9 Depositing Routes | Checksum: 13bc8f78c

Time (s): cpu = 00:00:51 ; elapsed = 00:01:17 . Memory (MB): peak = 1630.512 ; gain = 398.926

Phase 10 Post Router Timing

Phase 10.1 Update Timing
Phase 10.1 Update Timing | Checksum: be19276c

Time (s): cpu = 00:00:51 ; elapsed = 00:01:17 . Memory (MB): peak = 1630.512 ; gain = 398.926
INFO: [Route 35-57] Estimated Timing Summary | WNS=2.627  | TNS=0.000  | WHS=0.050  | THS=0.000  |

INFO: [Route 35-327] The final timing numbers are based on the router estimated timing analysis. For a complete and accurate timing signoff, please run report_timing_summary.
Phase 10 Post Router Timing | Checksum: be19276c

Time (s): cpu = 00:00:51 ; elapsed = 00:01:17 . Memory (MB): peak = 1630.512 ; gain = 398.926
INFO: [Route 35-16] Router Completed Successfully

Time (s): cpu = 00:00:51 ; elapsed = 00:01:17 . Memory (MB): peak = 1630.512 ; gain = 398.926

Routing Is Done.
INFO: [Common 17-83] Releasing license: Implementation
73 Infos, 4 Warnings, 4 Critical Warnings and 0 Errors encountered.
route_design completed successfully
route_design: Time (s): cpu = 00:00:54 ; elapsed = 00:01:20 . Memory (MB): peak = 1630.512 ; gain = 398.926
INFO: [Timing 38-480] Writing timing data to binary archive.
Writing placer database...
Writing XDEF routing.
Writing XDEF routing logical nets.
Writing XDEF routing special nets.
Write XDEF Complete: Time (s): cpu = 00:00:07 ; elapsed = 00:00:03 . Memory (MB): peak = 1630.512 ; gain = 0.000
INFO: [Common 17-1381] The checkpoint 'D:/ZYNQ_study/zynq_project/lab6_IRQ/lab6_IRQ.runs/impl_1/system_wrapper_routed.dcp' has been generated.
write_checkpoint: Time (s): cpu = 00:00:09 ; elapsed = 00:00:08 . Memory (MB): peak = 1630.512 ; gain = 0.000
INFO: [runtcl-4] Executing : report_drc -file system_wrapper_drc_routed.rpt -pb system_wrapper_drc_routed.pb -rpx system_wrapper_drc_routed.rpx
Command: report_drc -file system_wrapper_drc_routed.rpt -pb system_wrapper_drc_routed.pb -rpx system_wrapper_drc_routed.rpx
INFO: [DRC 23-27] Running DRC with 2 threads
INFO: [Coretcl 2-168] The results of DRC are in file D:/ZYNQ_study/zynq_project/lab6_IRQ/lab6_IRQ.runs/impl_1/system_wrapper_drc_routed.rpt.
report_drc completed successfully
report_drc: Time (s): cpu = 00:00:30 ; elapsed = 00:00:26 . Memory (MB): peak = 1630.512 ; gain = 0.000
INFO: [runtcl-4] Executing : report_methodology -file system_wrapper_methodology_drc_routed.rpt -pb system_wrapper_methodology_drc_routed.pb -rpx system_wrapper_methodology_drc_routed.rpx
Command: report_methodology -file system_wrapper_methodology_drc_routed.rpt -pb system_wrapper_methodology_drc_routed.pb -rpx system_wrapper_methodology_drc_routed.rpx
INFO: [Timing 38-35] Done setting XDC timing constraints.
INFO: [Timing 38-35] Done setting XDC timing constraints.
INFO: [DRC 23-133] Running Methodology with 2 threads
INFO: [Coretcl 2-1520] The results of Report Methodology are in file D:/ZYNQ_study/zynq_project/lab6_IRQ/lab6_IRQ.runs/impl_1/system_wrapper_methodology_drc_routed.rpt.
report_methodology completed successfully
report_methodology: Time (s): cpu = 00:00:05 ; elapsed = 00:00:06 . Memory (MB): peak = 1630.512 ; gain = 0.000
INFO: [runtcl-4] Executing : report_power -file system_wrapper_power_routed.rpt -pb system_wrapper_power_summary_routed.pb -rpx system_wrapper_power_routed.rpx
Command: report_power -file system_wrapper_power_routed.rpt -pb system_wrapper_power_summary_routed.pb -rpx system_wrapper_power_routed.rpx
INFO: [Timing 38-35] Done setting XDC timing constraints.
Running Vector-less Activity Propagation...

Finished Running Vector-less Activity Propagation
85 Infos, 4 Warnings, 4 Critical Warnings and 0 Errors encountered.
report_power completed successfully
INFO: [runtcl-4] Executing : report_route_status -file system_wrapper_route_status.rpt -pb system_wrapper_route_status.pb
INFO: [runtcl-4] Executing : report_timing_summary -max_paths 10 -file system_wrapper_timing_summary_routed.rpt -pb system_wrapper_timing_summary_routed.pb -rpx system_wrapper_timing_summary_routed.rpx -warn_on_violation 
INFO: [Timing 38-91] UpdateTimingParams: Speed grade: -1, Delay Type: min_max, Timing Stage: Requireds.
INFO: [Timing 38-191] Multithreading enabled for timing update using a maximum of 2 CPUs
INFO: [runtcl-4] Executing : report_incremental_reuse -file system_wrapper_incremental_reuse_routed.rpt
INFO: [Vivado_Tcl 4-545] No incremental reuse to report, no incremental placement and routing data was found.
INFO: [runtcl-4] Executing : report_clock_utilization -file system_wrapper_clock_utilization_routed.rpt
INFO: [runtcl-4] Executing : report_bus_skew -warn_on_violation -file route_report_bus_skew_0.rpt -rpx route_report_bus_skew_0.rpx
INFO: [Timing 38-91] UpdateTimingParams: Speed grade: -1, Delay Type: min_max, Timing Stage: Requireds.
INFO: [Timing 38-191] Multithreading enabled for timing update using a maximum of 2 CPUs
Command: write_bitstream -force system_wrapper.bit
Attempting to get a license for feature 'Implementation' and/or device 'xc7z020'
INFO: [Common 17-349] Got license for feature 'Implementation' and/or device 'xc7z020'
Running DRC as a precondition to command write_bitstream
INFO: [DRC 23-27] Running DRC with 2 threads
INFO: [Vivado 12-3199] DRC finished with 0 Errors
INFO: [Vivado 12-3200] Please refer to the DRC report (report_drc) for more information.
INFO: [Designutils 20-2272] Running write_bitstream with 2 threads.
Loading data files...
Loading site data...
Loading route data...
Processing options...
Creating bitmap...
Creating bitstream...
Writing bitstream ./system_wrapper.bit...
INFO: [Vivado 12-1842] Bitgen Completed Successfully.
INFO: [Project 1-120] WebTalk data collection is mandatory when using a WebPACK part without a full Vivado license. To see the specific WebTalk data collected for your design, open the usage_statistics_webtalk.html or usage_statistics_webtalk.xml file in the implementation directory.
INFO: [Common 17-83] Releasing license: Implementation
103 Infos, 4 Warnings, 4 Critical Warnings and 0 Errors encountered.
write_bitstream completed successfully
write_bitstream: Time (s): cpu = 00:00:15 ; elapsed = 00:00:29 . Memory (MB): peak = 1815.785 ; gain = 185.273
INFO: [Common 17-206] Exiting Vivado at Wed Jan  4 18:15:40 2023...
