15:33:17 INFO  : Registering command handlers for SDK TCF services
15:33:18 INFO  : Launching XSCT server: xsct.bat -interactive C:\Users\maglc\Desktop\local_work\Study\zynq_project\temp_xsdb_launch_script.tcl
15:33:22 INFO  : XSCT server has started successfully.
15:33:24 INFO  : Successfully done setting XSCT server connection channel  
15:33:24 INFO  : Successfully done setting SDK workspace  
15:40:17 INFO  : Connected to target on host '127.0.0.1' and port '3121'.
15:40:18 INFO  : 'targets -set -filter {jtag_cable_name =~ "Digilent Zybo Z7 210351B482E6A" && level==0} -index 1' command is executed.
15:40:21 INFO  : FPGA configured successfully with bitstream "C:/Users/maglc/Desktop/local_work/Study/zynq_project/lab5/lab5.sdk/system_wrapper_hw_platform_1/system_wrapper.bit"
15:40:44 INFO  : 'targets -set -filter {jtag_cable_name =~ "Digilent Zybo Z7 210351B482E6A" && level==0} -index 1' command is executed.
15:40:44 INFO  : 'fpga -state' command is executed.
15:40:44 INFO  : Connected to target on host '127.0.0.1' and port '3121'.
15:40:46 INFO  : Jtag cable 'Digilent Zybo Z7 210351B482E6A' is selected.
15:40:46 INFO  : 'jtag frequency' command is executed.
15:40:47 INFO  : Sourcing of 'C:/Users/maglc/Desktop/local_work/Study/zynq_project/lab5/lab5.sdk/system_wrapper_hw_platform_1/ps7_init.tcl' is done.
15:40:47 INFO  : Context for 'APU' is selected.
15:40:47 INFO  : Hardware design information is loaded from 'C:/Users/maglc/Desktop/local_work/Study/zynq_project/lab5/lab5.sdk/system_wrapper_hw_platform_1/system.hdf'.
15:40:47 INFO  : 'configparams force-mem-access 1' command is executed.
15:40:48 INFO  : Context for 'APU' is selected.
15:40:48 INFO  : 'stop' command is executed.
15:40:51 INFO  : 'ps7_init' command is executed.
15:40:51 INFO  : 'ps7_post_config' command is executed.
15:40:51 INFO  : Context for processor 'ps7_cortexa9_0' is selected.
15:40:51 INFO  : Processor reset is completed for 'ps7_cortexa9_0'.
15:40:51 INFO  : Context for processor 'ps7_cortexa9_0' is selected.
15:40:52 INFO  : The application 'C:/Users/maglc/Desktop/local_work/Study/zynq_project/lab5/lab5.sdk/lab5/Debug/lab5.elf' is downloaded to processor 'ps7_cortexa9_0'.
15:40:52 INFO  : 'configparams force-mem-access 0' command is executed.
15:40:52 INFO  : ----------------XSDB Script----------------
connect -url tcp:127.0.0.1:3121
source C:/Users/maglc/Desktop/local_work/Study/zynq_project/lab5/lab5.sdk/system_wrapper_hw_platform_1/ps7_init.tcl
targets -set -nocase -filter {name =~"APU*" && jtag_cable_name =~ "Digilent Zybo Z7 210351B482E6A"} -index 0
loadhw -hw C:/Users/maglc/Desktop/local_work/Study/zynq_project/lab5/lab5.sdk/system_wrapper_hw_platform_1/system.hdf -mem-ranges [list {0x40000000 0xbfffffff}]
configparams force-mem-access 1
targets -set -nocase -filter {name =~"APU*" && jtag_cable_name =~ "Digilent Zybo Z7 210351B482E6A"} -index 0
stop
ps7_init
ps7_post_config
targets -set -nocase -filter {name =~ "ARM*#0" && jtag_cable_name =~ "Digilent Zybo Z7 210351B482E6A"} -index 0
rst -processor
targets -set -nocase -filter {name =~ "ARM*#0" && jtag_cable_name =~ "Digilent Zybo Z7 210351B482E6A"} -index 0
dow C:/Users/maglc/Desktop/local_work/Study/zynq_project/lab5/lab5.sdk/lab5/Debug/lab5.elf
configparams force-mem-access 0
----------------End of Script----------------

15:40:53 INFO  : Memory regions updated for context APU
15:40:55 INFO  : Context for processor 'ps7_cortexa9_0' is selected.
15:40:55 INFO  : 'con' command is executed.
15:40:55 INFO  : ----------------XSDB Script (After Launch)----------------
targets -set -nocase -filter {name =~ "ARM*#0" && jtag_cable_name =~ "Digilent Zybo Z7 210351B482E6A"} -index 0
con
----------------End of Script----------------

15:40:55 INFO  : Launch script is exported to file 'C:\Users\maglc\Desktop\local_work\Study\zynq_project\.sdk\launch_scripts\xilinx_c-c++_application_(system_debugger)\system_debugger_using_debug_lab5.elf_on_local.tcl'
15:52:15 INFO  : Disconnected from the channel tcfchan#1.
15:52:17 INFO  : 'targets -set -filter {jtag_cable_name =~ "Digilent Zybo Z7 210351B482E6A" && level==0} -index 1' command is executed.
15:52:17 INFO  : 'fpga -state' command is executed.
15:52:17 INFO  : Connected to target on host '127.0.0.1' and port '3121'.
15:52:21 INFO  : Jtag cable 'Digilent Zybo Z7 210351B482E6A' is selected.
15:52:21 INFO  : 'jtag frequency' command is executed.
15:52:21 INFO  : Sourcing of 'C:/Users/maglc/Desktop/local_work/Study/zynq_project/lab5/lab5.sdk/system_wrapper_hw_platform_1/ps7_init.tcl' is done.
15:52:21 INFO  : Context for 'APU' is selected.
15:52:21 INFO  : Hardware design information is loaded from 'C:/Users/maglc/Desktop/local_work/Study/zynq_project/lab5/lab5.sdk/system_wrapper_hw_platform_1/system.hdf'.
15:52:21 INFO  : 'configparams force-mem-access 1' command is executed.
15:52:22 INFO  : Context for 'APU' is selected.
15:52:22 INFO  : 'stop' command is executed.
15:52:25 INFO  : 'ps7_init' command is executed.
15:52:25 INFO  : 'ps7_post_config' command is executed.
15:52:26 INFO  : Context for processor 'ps7_cortexa9_0' is selected.
15:52:26 INFO  : Processor reset is completed for 'ps7_cortexa9_0'.
15:52:26 INFO  : Context for processor 'ps7_cortexa9_0' is selected.
15:52:27 INFO  : The application 'C:/Users/maglc/Desktop/local_work/Study/zynq_project/lab5/lab5.sdk/lab5/Debug/lab5.elf' is downloaded to processor 'ps7_cortexa9_0'.
15:52:27 INFO  : 'configparams force-mem-access 0' command is executed.
15:52:27 INFO  : ----------------XSDB Script----------------
connect -url tcp:127.0.0.1:3121
source C:/Users/maglc/Desktop/local_work/Study/zynq_project/lab5/lab5.sdk/system_wrapper_hw_platform_1/ps7_init.tcl
targets -set -nocase -filter {name =~"APU*" && jtag_cable_name =~ "Digilent Zybo Z7 210351B482E6A"} -index 0
loadhw -hw C:/Users/maglc/Desktop/local_work/Study/zynq_project/lab5/lab5.sdk/system_wrapper_hw_platform_1/system.hdf -mem-ranges [list {0x40000000 0xbfffffff}]
configparams force-mem-access 1
targets -set -nocase -filter {name =~"APU*" && jtag_cable_name =~ "Digilent Zybo Z7 210351B482E6A"} -index 0
stop
ps7_init
ps7_post_config
targets -set -nocase -filter {name =~ "ARM*#0" && jtag_cable_name =~ "Digilent Zybo Z7 210351B482E6A"} -index 0
rst -processor
targets -set -nocase -filter {name =~ "ARM*#0" && jtag_cable_name =~ "Digilent Zybo Z7 210351B482E6A"} -index 0
dow C:/Users/maglc/Desktop/local_work/Study/zynq_project/lab5/lab5.sdk/lab5/Debug/lab5.elf
configparams force-mem-access 0
----------------End of Script----------------

15:52:28 INFO  : Memory regions updated for context APU
15:52:29 INFO  : Context for processor 'ps7_cortexa9_0' is selected.
15:52:30 INFO  : 'con' command is executed.
15:52:30 INFO  : ----------------XSDB Script (After Launch)----------------
targets -set -nocase -filter {name =~ "ARM*#0" && jtag_cable_name =~ "Digilent Zybo Z7 210351B482E6A"} -index 0
con
----------------End of Script----------------

15:52:30 INFO  : Launch script is exported to file 'C:\Users\maglc\Desktop\local_work\Study\zynq_project\.sdk\launch_scripts\xilinx_c-c++_application_(system_debugger)\system_debugger_using_debug_lab5.elf_on_local.tcl'
17:40:23 INFO  : Inferring section assignments and sizes from elf file: C:\Users\maglc\Desktop\local_work\Study\zynq_project\lab5\lab5.sdk\lab5\Debug\lab5.elf
18:50:55 INFO  : Disconnected from the channel tcfchan#2.
