Copyright 1986-2018 Xilinx, Inc. All Rights Reserved.
------------------------------------------------------------------------------------
| Tool Version : Vivado v.2018.1 (win64) Build 2188600 Wed Apr  4 18:40:38 MDT 2018
| Date         : Wed Jan  4 18:02:02 2023
| Host         : DESKTOP-D5JKCJU running 64-bit major release  (build 9200)
| Command      : upgrade_ip
| Device       : xc7z020clg400-1
------------------------------------------------------------------------------------

Upgrade Log for IP 'system_san_cnt_0_0'

1. Summary
----------

SUCCESS in the upgrade of system_san_cnt_0_0 (xilinx.com:user:san_cnt:1.0) from (Rev. 15) to (Rev. 16)






Copyright 1986-2018 Xilinx, Inc. All Rights Reserved.
------------------------------------------------------------------------------------
| Tool Version : Vivado v.2018.1 (win64) Build 2188600 Wed Apr  4 18:40:38 MDT 2018
| Date         : Wed Jan  4 17:36:19 2023
| Host         : DESKTOP-D5JKCJU running 64-bit major release  (build 9200)
| Command      : upgrade_ip
| Device       : xc7z020clg400-1
------------------------------------------------------------------------------------

Upgrade Log for IP 'system_san_cnt_0_0'

1. Summary
----------

SUCCESS in the upgrade of system_san_cnt_0_0 (xilinx.com:user:san_cnt:1.0) from (Rev. 14) to (Rev. 15)






Copyright 1986-2018 Xilinx, Inc. All Rights Reserved.
------------------------------------------------------------------------------------
| Tool Version : Vivado v.2018.1 (win64) Build 2188600 Wed Apr  4 18:40:38 MDT 2018
| Date         : Wed Jan  4 17:02:14 2023
| Host         : DESKTOP-D5JKCJU running 64-bit major release  (build 9200)
| Command      : upgrade_ip
| Device       : xc7z020clg400-1
------------------------------------------------------------------------------------

Upgrade Log for IP 'system_san_cnt_0_0'

1. Summary
----------

CAUTION (success, with warnings) in the upgrade of system_san_cnt_0_0 (xilinx.com:user:san_cnt:1.0) from (Rev. 13) to (Rev. 14)

After upgrade, an IP may have parameter and port differences compared to the original customization. Please review the parameters within the IP customization GUI to ensure proper functionality. Also, please review the updated IP instantiation template to ensure proper connectivity, and update your design if required.

2. Interface Information
------------------------

Detected external interface differences while upgrading 'system_san_cnt_0_0'.


-Upgrade has removed interface 'IRQ'

-Upgrade has removed interface 'S_AXI_INTR'

-Upgrade has removed interface 'S_AXI_INTR_CLK'

-Upgrade has removed interface 'S_AXI_INTR_RST'


3. Connection Warnings
----------------------

Detected external port differences while upgrading 'system_san_cnt_0_0'. These changes may impact your design.


-Upgrade has removed port 'irq'

-Upgrade has removed port 's_axi_intr_aclk'

-Upgrade has removed port 's_axi_intr_araddr'

-Upgrade has removed port 's_axi_intr_aresetn'

-Upgrade has removed port 's_axi_intr_arprot'

-Upgrade has removed port 's_axi_intr_arready'

-Upgrade has removed port 's_axi_intr_arvalid'

-Upgrade has removed port 's_axi_intr_awaddr'

-Upgrade has removed port 's_axi_intr_awprot'

-Upgrade has removed port 's_axi_intr_awready'

-Upgrade has removed port 's_axi_intr_awvalid'

-Upgrade has removed port 's_axi_intr_bready'

-Upgrade has removed port 's_axi_intr_bresp'

-Upgrade has removed port 's_axi_intr_bvalid'

-Upgrade has removed port 's_axi_intr_rdata'

-Upgrade has removed port 's_axi_intr_rready'

-Upgrade has removed port 's_axi_intr_rresp'

-Upgrade has removed port 's_axi_intr_rvalid'

-Upgrade has removed port 's_axi_intr_wdata'

-Upgrade has removed port 's_axi_intr_wready'

-Upgrade has removed port 's_axi_intr_wstrb'

-Upgrade has removed port 's_axi_intr_wvalid'


4. Customization warnings
-------------------------

Parameter 'C_S_AXI_INTR_BASEADDR' is no longer present on the upgraded IP 'system_san_cnt_0_0', and cannot be set to '0xFFFFFFFF'

Parameter 'C_S_AXI_INTR_HIGHADDR' is no longer present on the upgraded IP 'system_san_cnt_0_0', and cannot be set to '0x00000000'

Parameter 'C_S_AXI_INTR_DATA_WIDTH' is no longer present on the upgraded IP 'system_san_cnt_0_0', and cannot be set to '32'

Parameter 'C_S_AXI_INTR_ADDR_WIDTH' is no longer present on the upgraded IP 'system_san_cnt_0_0', and cannot be set to '5'

Parameter 'C_NUM_OF_INTR' is no longer present on the upgraded IP 'system_san_cnt_0_0', and cannot be set to '1'

Parameter 'C_INTR_SENSITIVITY' is no longer present on the upgraded IP 'system_san_cnt_0_0', and cannot be set to '0xFFFFFFFF'

Parameter 'C_INTR_ACTIVE_STATE' is no longer present on the upgraded IP 'system_san_cnt_0_0', and cannot be set to '0xFFFFFFFF'

Parameter 'C_IRQ_SENSITIVITY' is no longer present on the upgraded IP 'system_san_cnt_0_0', and cannot be set to '1'

Parameter 'C_IRQ_ACTIVE_STATE' is no longer present on the upgraded IP 'system_san_cnt_0_0', and cannot be set to '1'


5. Debug Commands
-----------------

  The following debug information can be passed to Vivado as Tcl commands,
in order to validate or debug the output of the upgrade flow.
  You may consult any warnings from within this upgrade, and alter or remove
the configuration parameter(s) which caused the warning; then execute the Tcl
commands, and use the IP Customization GUI to verify the IP configuration.

create_ip -vlnv xilinx.com:user:san_cnt:1.0 -user_name system_san_cnt_0_0
set_property -dict "\
  CONFIG.COUNT_DEPTH {8} \
  CONFIG.C_S_AXI_ADDR_WIDTH {4} \
  CONFIG.C_S_AXI_BASEADDR {0xFFFFFFFF} \
  CONFIG.C_S_AXI_DATA_WIDTH {32} \
  CONFIG.C_S_AXI_HIGHADDR {0x00000000} \
  CONFIG.Component_Name {system_san_cnt_0_0} \
  CONFIG.EXT_IRQ.PortWidth {1} \
  CONFIG.EXT_IRQ.SENSITIVITY {LEVEL_HIGH} \
  CONFIG.S_AXI.ADDR_WIDTH {4} \
  CONFIG.S_AXI.ARUSER_WIDTH {0} \
  CONFIG.S_AXI.AWUSER_WIDTH {0} \
  CONFIG.S_AXI.BUSER_WIDTH {0} \
  CONFIG.S_AXI.CLK_DOMAIN {system_processing_system7_0_0_FCLK_CLK0} \
  CONFIG.S_AXI.DATA_WIDTH {32} \
  CONFIG.S_AXI.FREQ_HZ {1e+08} \
  CONFIG.S_AXI.HAS_BRESP {1} \
  CONFIG.S_AXI.HAS_BURST {0} \
  CONFIG.S_AXI.HAS_CACHE {0} \
  CONFIG.S_AXI.HAS_LOCK {0} \
  CONFIG.S_AXI.HAS_PROT {1} \
  CONFIG.S_AXI.HAS_QOS {0} \
  CONFIG.S_AXI.HAS_REGION {0} \
  CONFIG.S_AXI.HAS_RRESP {1} \
  CONFIG.S_AXI.HAS_WSTRB {1} \
  CONFIG.S_AXI.ID_WIDTH {0} \
  CONFIG.S_AXI.MAX_BURST_LENGTH {1} \
  CONFIG.S_AXI.NUM_READ_OUTSTANDING {2} \
  CONFIG.S_AXI.NUM_READ_THREADS {1} \
  CONFIG.S_AXI.NUM_WRITE_OUTSTANDING {2} \
  CONFIG.S_AXI.NUM_WRITE_THREADS {1} \
  CONFIG.S_AXI.PHASE {0.000} \
  CONFIG.S_AXI.PROTOCOL {AXI4LITE} \
  CONFIG.S_AXI.READ_WRITE_MODE {READ_WRITE} \
  CONFIG.S_AXI.RUSER_BITS_PER_BYTE {0} \
  CONFIG.S_AXI.RUSER_WIDTH {0} \
  CONFIG.S_AXI.SUPPORTS_NARROW_BURST {0} \
  CONFIG.S_AXI.WIZ_DATA_WIDTH {32} \
  CONFIG.S_AXI.WIZ_NUM_REG {4} \
  CONFIG.S_AXI.WUSER_BITS_PER_BYTE {0} \
  CONFIG.S_AXI.WUSER_WIDTH {0} \
  CONFIG.S_AXI_CLK.ASSOCIATED_BUSIF {S_AXI} \
  CONFIG.S_AXI_CLK.ASSOCIATED_RESET {s_axi_aresetn} \
  CONFIG.S_AXI_CLK.CLK_DOMAIN {system_processing_system7_0_0_FCLK_CLK0} \
  CONFIG.S_AXI_CLK.FREQ_HZ {1e+08} \
  CONFIG.S_AXI_CLK.PHASE {0.000} \
  CONFIG.S_AXI_RST.POLARITY {ACTIVE_LOW} " [get_ips system_san_cnt_0_0]







Copyright 1986-2018 Xilinx, Inc. All Rights Reserved.
------------------------------------------------------------------------------------
| Tool Version : Vivado v.2018.1 (win64) Build 2188600 Wed Apr  4 18:40:38 MDT 2018
| Date         : Wed Jan  4 11:15:47 2023
| Host         : DESKTOP-D5JKCJU running 64-bit major release  (build 9200)
| Command      : upgrade_ip
| Device       : xc7z020clg400-1
------------------------------------------------------------------------------------

Upgrade Log for IP 'system_san_cnt_0_0'

1. Summary
----------

SUCCESS in the upgrade of system_san_cnt_0_0 (xilinx.com:user:san_cnt:1.0) from (Rev. 12) to (Rev. 13)






Copyright 1986-2018 Xilinx, Inc. All Rights Reserved.
------------------------------------------------------------------------------------
| Tool Version : Vivado v.2018.1 (win64) Build 2188600 Wed Apr  4 18:40:38 MDT 2018
| Date         : Sun Jan  1 00:02:34 2023
| Host         : San-desktop running 64-bit major release  (build 9200)
| Command      : upgrade_ip
| Device       : xc7z020clg400-1
------------------------------------------------------------------------------------

Upgrade Log for IP 'system_san_cnt_0_0'

1. Summary
----------

SUCCESS in the upgrade of system_san_cnt_0_0 (xilinx.com:user:san_cnt:1.0) from (Rev. 11) to (Rev. 12)






Copyright 1986-2018 Xilinx, Inc. All Rights Reserved.
------------------------------------------------------------------------------------
| Tool Version : Vivado v.2018.1 (win64) Build 2188600 Wed Apr  4 18:40:38 MDT 2018
| Date         : Fri Dec 30 21:34:57 2022
| Host         : San-desktop running 64-bit major release  (build 9200)
| Command      : upgrade_ip
| Device       : xc7z020clg400-1
------------------------------------------------------------------------------------

Upgrade Log for IP 'system_san_cnt_0_0'

1. Summary
----------

SUCCESS in the upgrade of system_san_cnt_0_0 (xilinx.com:user:san_cnt:1.0) from (Rev. 10) to (Rev. 11)






Copyright 1986-2018 Xilinx, Inc. All Rights Reserved.
------------------------------------------------------------------------------------
| Tool Version : Vivado v.2018.1 (win64) Build 2188600 Wed Apr  4 18:40:38 MDT 2018
| Date         : Fri Dec 30 21:00:20 2022
| Host         : San-desktop running 64-bit major release  (build 9200)
| Command      : upgrade_ip
| Device       : xc7z020clg400-1
------------------------------------------------------------------------------------

Upgrade Log for IP 'system_san_cnt_0_0'

1. Summary
----------

SUCCESS in the upgrade of system_san_cnt_0_0 (xilinx.com:user:san_cnt:1.0) from (Rev. 9) to (Rev. 10)






Copyright 1986-2018 Xilinx, Inc. All Rights Reserved.
------------------------------------------------------------------------------------
| Tool Version : Vivado v.2018.1 (win64) Build 2188600 Wed Apr  4 18:40:38 MDT 2018
| Date         : Fri Dec 30 12:20:09 2022
| Host         : DESKTOP-D5JKCJU running 64-bit major release  (build 9200)
| Command      : upgrade_ip
| Device       : xc7z020clg400-1
------------------------------------------------------------------------------------

Upgrade Log for IP 'system_san_cnt_0_0'

1. Summary
----------

SUCCESS in the upgrade of system_san_cnt_0_0 (xilinx.com:user:san_cnt:1.0) from (Rev. 8) to (Rev. 9)






Copyright 1986-2018 Xilinx, Inc. All Rights Reserved.
------------------------------------------------------------------------------------
| Tool Version : Vivado v.2018.1 (win64) Build 2188600 Wed Apr  4 18:40:38 MDT 2018
| Date         : Fri Dec 30 11:26:30 2022
| Host         : DESKTOP-D5JKCJU running 64-bit major release  (build 9200)
| Command      : upgrade_ip
| Device       : xc7z020clg400-1
------------------------------------------------------------------------------------

Upgrade Log for IP 'system_san_cnt_0_0'

1. Summary
----------

SUCCESS in the upgrade of system_san_cnt_0_0 (xilinx.com:user:san_cnt:1.0) from (Rev. 7) to (Rev. 8)






Copyright 1986-2018 Xilinx, Inc. All Rights Reserved.
------------------------------------------------------------------------------------
| Tool Version : Vivado v.2018.1 (win64) Build 2188600 Wed Apr  4 18:40:38 MDT 2018
| Date         : Fri Dec 30 10:54:31 2022
| Host         : DESKTOP-D5JKCJU running 64-bit major release  (build 9200)
| Command      : upgrade_ip
| Device       : xc7z020clg400-1
------------------------------------------------------------------------------------

Upgrade Log for IP 'system_san_cnt_0_0'

1. Summary
----------

SUCCESS in the upgrade of system_san_cnt_0_0 (xilinx.com:user:san_cnt:1.0) from (Rev. 6) to (Rev. 7)






Copyright 1986-2018 Xilinx, Inc. All Rights Reserved.
------------------------------------------------------------------------------------
| Tool Version : Vivado v.2018.1 (win64) Build 2188600 Wed Apr  4 18:40:38 MDT 2018
| Date         : Thu Dec 29 22:40:20 2022
| Host         : San-desktop running 64-bit major release  (build 9200)
| Command      : upgrade_ip
| Device       : xc7z020clg400-1
------------------------------------------------------------------------------------

Upgrade Log for IP 'system_san_cnt_0_0'

1. Summary
----------

SUCCESS in the upgrade of system_san_cnt_0_0 (xilinx.com:user:san_cnt:1.0) from (Rev. 5) to (Rev. 6)






Copyright 1986-2018 Xilinx, Inc. All Rights Reserved.
------------------------------------------------------------------------------------
| Tool Version : Vivado v.2018.1 (win64) Build 2188600 Wed Apr  4 18:40:38 MDT 2018
| Date         : Thu Dec 29 22:31:59 2022
| Host         : San-desktop running 64-bit major release  (build 9200)
| Command      : upgrade_ip
| Device       : xc7z020clg400-1
------------------------------------------------------------------------------------

Upgrade Log for IP 'system_san_cnt_0_0'

1. Summary
----------

SUCCESS in the upgrade of system_san_cnt_0_0 (xilinx.com:user:san_cnt:1.0) from (Rev. 4) to (Rev. 5)






Copyright 1986-2018 Xilinx, Inc. All Rights Reserved.
------------------------------------------------------------------------------------
| Tool Version : Vivado v.2018.1 (win64) Build 2188600 Wed Apr  4 18:40:38 MDT 2018
| Date         : Tue Dec 27 17:00:59 2022
| Host         : DESKTOP-D5JKCJU running 64-bit major release  (build 9200)
| Command      : upgrade_ip
| Device       : xc7z020clg400-1
------------------------------------------------------------------------------------

Upgrade Log for IP 'system_san_cnt_0_0'

1. Summary
----------

SUCCESS in the upgrade of system_san_cnt_0_0 (xilinx.com:user:san_cnt:1.0) from (Rev. 2) to (Rev. 4)

