18:06:15 INFO  : Registering command handlers for SDK TCF services
18:06:17 INFO  : Launching XSCT server: xsct.bat -interactive C:\Users\maglc\Desktop\local_work\Study\zynq_project\lab4\lab4.sdk\temp_xsdb_launch_script.tcl
18:06:25 INFO  : XSCT server has started successfully.
18:06:31 INFO  : Successfully done setting XSCT server connection channel  
18:06:31 INFO  : Successfully done setting SDK workspace  
18:06:31 INFO  : Processing command line option -hwspec C:/Users/maglc/Desktop/local_work/Study/zynq_project/lab4/lab4.sdk/system_wrapper.hdf.
18:14:31 INFO  : No changes in MSS file content so not generating sources.
18:33:16 INFO  : Connected to target on host '127.0.0.1' and port '3121'.
18:33:17 INFO  : 'targets -set -filter {jtag_cable_name =~ "Digilent Zybo Z7 210351B482E6A" && level==0} -index 1' command is executed.
18:33:19 INFO  : FPGA configured successfully with bitstream "C:/Users/maglc/Desktop/local_work/Study/zynq_project/lab4/lab4.sdk/system_wrapper_hw_platform_0/system_wrapper.bit"
18:33:42 INFO  : 'targets -set -filter {jtag_cable_name =~ "Digilent Zybo Z7 210351B482E6A" && level==0} -index 1' command is executed.
18:33:42 INFO  : 'fpga -state' command is executed.
18:33:42 INFO  : Connected to target on host '127.0.0.1' and port '3121'.
18:33:42 INFO  : Jtag cable 'Digilent Zybo Z7 210351B482E6A' is selected.
18:33:42 INFO  : 'jtag frequency' command is executed.
18:33:42 INFO  : Sourcing of 'C:/Users/maglc/Desktop/local_work/Study/zynq_project/lab4/lab4.sdk/system_wrapper_hw_platform_0/ps7_init.tcl' is done.
18:33:42 INFO  : Context for 'APU' is selected.
18:33:42 INFO  : Hardware design information is loaded from 'C:/Users/maglc/Desktop/local_work/Study/zynq_project/lab4/lab4.sdk/system_wrapper_hw_platform_0/system.hdf'.
18:33:42 INFO  : 'configparams force-mem-access 1' command is executed.
18:33:42 INFO  : Context for 'APU' is selected.
18:33:42 INFO  : 'stop' command is executed.
18:33:43 INFO  : 'ps7_init' command is executed.
18:33:43 INFO  : 'ps7_post_config' command is executed.
18:33:43 INFO  : Context for processor 'ps7_cortexa9_0' is selected.
18:33:43 INFO  : Processor reset is completed for 'ps7_cortexa9_0'.
18:33:43 INFO  : Context for processor 'ps7_cortexa9_0' is selected.
18:33:43 INFO  : The application 'C:/Users/maglc/Desktop/local_work/Study/zynq_project/lab4/lab4.sdk/lab4/Debug/lab4.elf' is downloaded to processor 'ps7_cortexa9_0'.
18:33:43 INFO  : 'configparams force-mem-access 0' command is executed.
18:33:43 INFO  : ----------------XSDB Script----------------
connect -url tcp:127.0.0.1:3121
source C:/Users/maglc/Desktop/local_work/Study/zynq_project/lab4/lab4.sdk/system_wrapper_hw_platform_0/ps7_init.tcl
targets -set -nocase -filter {name =~"APU*" && jtag_cable_name =~ "Digilent Zybo Z7 210351B482E6A"} -index 0
loadhw -hw C:/Users/maglc/Desktop/local_work/Study/zynq_project/lab4/lab4.sdk/system_wrapper_hw_platform_0/system.hdf -mem-ranges [list {0x40000000 0xbfffffff}]
configparams force-mem-access 1
targets -set -nocase -filter {name =~"APU*" && jtag_cable_name =~ "Digilent Zybo Z7 210351B482E6A"} -index 0
stop
ps7_init
ps7_post_config
targets -set -nocase -filter {name =~ "ARM*#0" && jtag_cable_name =~ "Digilent Zybo Z7 210351B482E6A"} -index 0
rst -processor
targets -set -nocase -filter {name =~ "ARM*#0" && jtag_cable_name =~ "Digilent Zybo Z7 210351B482E6A"} -index 0
dow C:/Users/maglc/Desktop/local_work/Study/zynq_project/lab4/lab4.sdk/lab4/Debug/lab4.elf
configparams force-mem-access 0
----------------End of Script----------------

18:33:43 INFO  : Memory regions updated for context APU
18:33:43 INFO  : Context for processor 'ps7_cortexa9_0' is selected.
18:33:43 INFO  : 'con' command is executed.
18:33:43 INFO  : ----------------XSDB Script (After Launch)----------------
targets -set -nocase -filter {name =~ "ARM*#0" && jtag_cable_name =~ "Digilent Zybo Z7 210351B482E6A"} -index 0
con
----------------End of Script----------------

18:33:43 INFO  : Launch script is exported to file 'C:\Users\maglc\Desktop\local_work\Study\zynq_project\lab4\lab4.sdk\.sdk\launch_scripts\xilinx_c-c++_application_(system_debugger)\system_debugger_using_debug_lab4.elf_on_local.tcl'
18:34:29 INFO  : Inferring section assignments and sizes from elf file: C:\Users\maglc\Desktop\local_work\Study\zynq_project\lab4\lab4.sdk\lab4\Debug\lab4.elf
18:35:11 INFO  : Successfully generated C:\Users\maglc\Desktop\local_work\Study\zynq_project\lab4\lab4.sdk\lab4\src\lscript.ld.
18:35:11 INFO  : Applying linker script to all configurations of project lab4.
18:35:11 INFO  : Setting rebuild state to true for all configurations of project lab4.
18:36:34 INFO  : Disconnected from the channel tcfchan#1.
18:36:35 INFO  : 'targets -set -filter {jtag_cable_name =~ "Digilent Zybo Z7 210351B482E6A" && level==0} -index 1' command is executed.
18:36:35 INFO  : 'fpga -state' command is executed.
18:36:35 INFO  : Connected to target on host '127.0.0.1' and port '3121'.
18:36:38 INFO  : Jtag cable 'Digilent Zybo Z7 210351B482E6A' is selected.
18:36:38 INFO  : 'jtag frequency' command is executed.
18:36:38 INFO  : Sourcing of 'C:/Users/maglc/Desktop/local_work/Study/zynq_project/lab4/lab4.sdk/system_wrapper_hw_platform_0/ps7_init.tcl' is done.
18:36:38 INFO  : Context for 'APU' is selected.
18:36:52 INFO  : Hardware design information is loaded from 'C:/Users/maglc/Desktop/local_work/Study/zynq_project/lab4/lab4.sdk/system_wrapper_hw_platform_0/system.hdf'.
18:36:52 INFO  : 'configparams force-mem-access 1' command is executed.
18:36:52 INFO  : Context for 'APU' is selected.
18:36:52 INFO  : 'stop' command is executed.
18:36:53 INFO  : 'ps7_init' command is executed.
18:36:53 INFO  : 'ps7_post_config' command is executed.
18:36:53 INFO  : Context for processor 'ps7_cortexa9_0' is selected.
18:36:53 INFO  : Processor reset is completed for 'ps7_cortexa9_0'.
18:36:53 INFO  : Context for processor 'ps7_cortexa9_0' is selected.
18:36:53 INFO  : The application 'C:/Users/maglc/Desktop/local_work/Study/zynq_project/lab4/lab4.sdk/lab4/Debug/lab4.elf' is downloaded to processor 'ps7_cortexa9_0'.
18:36:53 INFO  : 'configparams force-mem-access 0' command is executed.
18:36:53 INFO  : ----------------XSDB Script----------------
connect -url tcp:127.0.0.1:3121
source C:/Users/maglc/Desktop/local_work/Study/zynq_project/lab4/lab4.sdk/system_wrapper_hw_platform_0/ps7_init.tcl
targets -set -nocase -filter {name =~"APU*" && jtag_cable_name =~ "Digilent Zybo Z7 210351B482E6A"} -index 0
loadhw -hw C:/Users/maglc/Desktop/local_work/Study/zynq_project/lab4/lab4.sdk/system_wrapper_hw_platform_0/system.hdf -mem-ranges [list {0x40000000 0xbfffffff}]
configparams force-mem-access 1
targets -set -nocase -filter {name =~"APU*" && jtag_cable_name =~ "Digilent Zybo Z7 210351B482E6A"} -index 0
stop
ps7_init
ps7_post_config
targets -set -nocase -filter {name =~ "ARM*#0" && jtag_cable_name =~ "Digilent Zybo Z7 210351B482E6A"} -index 0
rst -processor
targets -set -nocase -filter {name =~ "ARM*#0" && jtag_cable_name =~ "Digilent Zybo Z7 210351B482E6A"} -index 0
dow C:/Users/maglc/Desktop/local_work/Study/zynq_project/lab4/lab4.sdk/lab4/Debug/lab4.elf
configparams force-mem-access 0
----------------End of Script----------------

18:36:53 INFO  : Memory regions updated for context APU
18:36:54 INFO  : Context for processor 'ps7_cortexa9_0' is selected.
18:36:54 INFO  : 'con' command is executed.
18:36:54 INFO  : ----------------XSDB Script (After Launch)----------------
targets -set -nocase -filter {name =~ "ARM*#0" && jtag_cable_name =~ "Digilent Zybo Z7 210351B482E6A"} -index 0
con
----------------End of Script----------------

18:36:54 INFO  : Launch script is exported to file 'C:\Users\maglc\Desktop\local_work\Study\zynq_project\lab4\lab4.sdk\.sdk\launch_scripts\xilinx_c-c++_application_(system_debugger)\system_debugger_using_debug_lab4.elf_on_local.tcl'
18:39:18 INFO  : Disconnected from the channel tcfchan#2.
17:27:02 INFO  : Registering command handlers for SDK TCF services
17:27:03 INFO  : Launching XSCT server: xsct.bat -interactive C:\Users\maglc\Desktop\local_work\Study\zynq_project\lab5\lab5.sdk\temp_xsdb_launch_script.tcl
17:27:09 INFO  : XSCT server has started successfully.
17:27:09 INFO  : Successfully done setting XSCT server connection channel  
17:27:14 INFO  : Successfully done setting SDK workspace  
17:27:14 INFO  : Processing command line option -hwspec C:/Users/maglc/Desktop/local_work/Study/zynq_project/lab5/lab5.sdk/system_wrapper.hdf.
18:50:07 INFO  : Connected to target on host '127.0.0.1' and port '3121'.
18:50:08 INFO  : 'targets -set -filter {jtag_cable_name =~ "Digilent Zybo Z7 210351B482E6A" && level==0} -index 1' command is executed.
18:50:10 INFO  : FPGA configured successfully with bitstream "C:/Users/maglc/Desktop/local_work/Study/zynq_project/lab5/lab5.sdk/system_wrapper_hw_platform_1/system_wrapper.bit"
18:50:27 INFO  : 'targets -set -filter {jtag_cable_name =~ "Digilent Zybo Z7 210351B482E6A" && level==0} -index 1' command is executed.
18:50:27 INFO  : 'fpga -state' command is executed.
18:50:27 INFO  : Connected to target on host '127.0.0.1' and port '3121'.
18:50:27 INFO  : Jtag cable 'Digilent Zybo Z7 210351B482E6A' is selected.
18:50:27 INFO  : 'jtag frequency' command is executed.
18:50:27 INFO  : Sourcing of 'C:/Users/maglc/Desktop/local_work/Study/zynq_project/lab5/lab5.sdk/system_wrapper_hw_platform_1/ps7_init.tcl' is done.
18:50:28 INFO  : Context for 'APU' is selected.
18:50:28 INFO  : Hardware design information is loaded from 'C:/Users/maglc/Desktop/local_work/Study/zynq_project/lab5/lab5.sdk/system_wrapper_hw_platform_1/system.hdf'.
18:50:28 INFO  : 'configparams force-mem-access 1' command is executed.
18:50:28 INFO  : Context for 'APU' is selected.
18:50:28 INFO  : 'stop' command is executed.
18:50:28 INFO  : 'ps7_init' command is executed.
18:50:28 INFO  : 'ps7_post_config' command is executed.
18:50:28 INFO  : Context for processor 'ps7_cortexa9_0' is selected.
18:50:28 INFO  : Processor reset is completed for 'ps7_cortexa9_0'.
18:50:28 INFO  : Context for processor 'ps7_cortexa9_0' is selected.
18:50:29 INFO  : The application 'C:/Users/maglc/Desktop/local_work/Study/zynq_project/lab5/lab5.sdk/lab5/Debug/lab5.elf' is downloaded to processor 'ps7_cortexa9_0'.
18:50:29 INFO  : 'configparams force-mem-access 0' command is executed.
18:50:29 INFO  : ----------------XSDB Script----------------
connect -url tcp:127.0.0.1:3121
source C:/Users/maglc/Desktop/local_work/Study/zynq_project/lab5/lab5.sdk/system_wrapper_hw_platform_1/ps7_init.tcl
targets -set -nocase -filter {name =~"APU*" && jtag_cable_name =~ "Digilent Zybo Z7 210351B482E6A"} -index 0
loadhw -hw C:/Users/maglc/Desktop/local_work/Study/zynq_project/lab5/lab5.sdk/system_wrapper_hw_platform_1/system.hdf -mem-ranges [list {0x40000000 0xbfffffff}]
configparams force-mem-access 1
targets -set -nocase -filter {name =~"APU*" && jtag_cable_name =~ "Digilent Zybo Z7 210351B482E6A"} -index 0
stop
ps7_init
ps7_post_config
targets -set -nocase -filter {name =~ "ARM*#0" && jtag_cable_name =~ "Digilent Zybo Z7 210351B482E6A"} -index 0
rst -processor
targets -set -nocase -filter {name =~ "ARM*#0" && jtag_cable_name =~ "Digilent Zybo Z7 210351B482E6A"} -index 0
dow C:/Users/maglc/Desktop/local_work/Study/zynq_project/lab5/lab5.sdk/lab5/Debug/lab5.elf
configparams force-mem-access 0
----------------End of Script----------------

18:50:29 INFO  : Memory regions updated for context APU
18:50:29 INFO  : Context for processor 'ps7_cortexa9_0' is selected.
18:50:29 INFO  : 'con' command is executed.
18:50:29 INFO  : ----------------XSDB Script (After Launch)----------------
targets -set -nocase -filter {name =~ "ARM*#0" && jtag_cable_name =~ "Digilent Zybo Z7 210351B482E6A"} -index 0
con
----------------End of Script----------------

18:50:29 INFO  : Launch script is exported to file 'C:\Users\maglc\Desktop\local_work\Study\zynq_project\lab5\lab5.sdk\.sdk\launch_scripts\xilinx_c-c++_application_(system_debugger)\system_debugger_using_debug_lab5.elf_on_local.tcl'
18:51:51 INFO  : Disconnected from the channel tcfchan#1.
18:51:52 INFO  : 'targets -set -filter {jtag_cable_name =~ "Digilent Zybo Z7 210351B482E6A" && level==0} -index 1' command is executed.
18:51:52 INFO  : 'fpga -state' command is executed.
18:51:52 INFO  : Connected to target on host '127.0.0.1' and port '3121'.
18:51:56 INFO  : Jtag cable 'Digilent Zybo Z7 210351B482E6A' is selected.
18:51:56 INFO  : 'jtag frequency' command is executed.
18:51:56 INFO  : Sourcing of 'C:/Users/maglc/Desktop/local_work/Study/zynq_project/lab5/lab5.sdk/system_wrapper_hw_platform_1/ps7_init.tcl' is done.
18:51:56 INFO  : Context for 'APU' is selected.
18:51:56 INFO  : Hardware design information is loaded from 'C:/Users/maglc/Desktop/local_work/Study/zynq_project/lab5/lab5.sdk/system_wrapper_hw_platform_1/system.hdf'.
18:51:56 INFO  : 'configparams force-mem-access 1' command is executed.
18:51:56 INFO  : Context for 'APU' is selected.
18:51:57 INFO  : 'stop' command is executed.
18:51:59 INFO  : 'ps7_init' command is executed.
18:51:59 INFO  : 'ps7_post_config' command is executed.
18:51:59 INFO  : Context for processor 'ps7_cortexa9_0' is selected.
18:52:00 INFO  : Processor reset is completed for 'ps7_cortexa9_0'.
18:52:00 INFO  : Context for processor 'ps7_cortexa9_0' is selected.
18:52:01 INFO  : The application 'C:/Users/maglc/Desktop/local_work/Study/zynq_project/lab5/lab5.sdk/lab5/Debug/lab5.elf' is downloaded to processor 'ps7_cortexa9_0'.
18:52:01 INFO  : 'configparams force-mem-access 0' command is executed.
18:52:01 INFO  : ----------------XSDB Script----------------
connect -url tcp:127.0.0.1:3121
source C:/Users/maglc/Desktop/local_work/Study/zynq_project/lab5/lab5.sdk/system_wrapper_hw_platform_1/ps7_init.tcl
targets -set -nocase -filter {name =~"APU*" && jtag_cable_name =~ "Digilent Zybo Z7 210351B482E6A"} -index 0
loadhw -hw C:/Users/maglc/Desktop/local_work/Study/zynq_project/lab5/lab5.sdk/system_wrapper_hw_platform_1/system.hdf -mem-ranges [list {0x40000000 0xbfffffff}]
configparams force-mem-access 1
targets -set -nocase -filter {name =~"APU*" && jtag_cable_name =~ "Digilent Zybo Z7 210351B482E6A"} -index 0
stop
ps7_init
ps7_post_config
targets -set -nocase -filter {name =~ "ARM*#0" && jtag_cable_name =~ "Digilent Zybo Z7 210351B482E6A"} -index 0
rst -processor
targets -set -nocase -filter {name =~ "ARM*#0" && jtag_cable_name =~ "Digilent Zybo Z7 210351B482E6A"} -index 0
dow C:/Users/maglc/Desktop/local_work/Study/zynq_project/lab5/lab5.sdk/lab5/Debug/lab5.elf
configparams force-mem-access 0
----------------End of Script----------------

18:52:01 INFO  : Memory regions updated for context APU
18:52:03 INFO  : Context for processor 'ps7_cortexa9_0' is selected.
18:52:03 INFO  : 'con' command is executed.
18:52:03 INFO  : ----------------XSDB Script (After Launch)----------------
targets -set -nocase -filter {name =~ "ARM*#0" && jtag_cable_name =~ "Digilent Zybo Z7 210351B482E6A"} -index 0
con
----------------End of Script----------------

18:52:03 INFO  : Launch script is exported to file 'C:\Users\maglc\Desktop\local_work\Study\zynq_project\lab5\lab5.sdk\.sdk\launch_scripts\xilinx_c-c++_application_(system_debugger)\system_debugger_using_debug_lab5.elf_on_local.tcl'
18:55:58 INFO  : Disconnected from the channel tcfchan#2.
18:55:59 INFO  : 'targets -set -filter {jtag_cable_name =~ "Digilent Zybo Z7 210351B482E6A" && level==0} -index 1' command is executed.
18:55:59 INFO  : 'fpga -state' command is executed.
18:55:59 INFO  : Connected to target on host '127.0.0.1' and port '3121'.
18:55:59 INFO  : Jtag cable 'Digilent Zybo Z7 210351B482E6A' is selected.
18:55:59 INFO  : 'jtag frequency' command is executed.
18:55:59 INFO  : Sourcing of 'C:/Users/maglc/Desktop/local_work/Study/zynq_project/lab5/lab5.sdk/system_wrapper_hw_platform_1/ps7_init.tcl' is done.
18:55:59 INFO  : Context for 'APU' is selected.
18:55:59 INFO  : Hardware design information is loaded from 'C:/Users/maglc/Desktop/local_work/Study/zynq_project/lab5/lab5.sdk/system_wrapper_hw_platform_1/system.hdf'.
18:55:59 INFO  : 'configparams force-mem-access 1' command is executed.
18:55:59 INFO  : Context for 'APU' is selected.
18:55:59 INFO  : 'stop' command is executed.
18:56:00 INFO  : 'ps7_init' command is executed.
18:56:00 INFO  : 'ps7_post_config' command is executed.
18:56:00 INFO  : Context for processor 'ps7_cortexa9_0' is selected.
18:56:00 INFO  : Processor reset is completed for 'ps7_cortexa9_0'.
18:56:00 INFO  : Context for processor 'ps7_cortexa9_0' is selected.
18:56:00 INFO  : The application 'C:/Users/maglc/Desktop/local_work/Study/zynq_project/lab5/lab5.sdk/lab5/Debug/lab5.elf' is downloaded to processor 'ps7_cortexa9_0'.
18:56:00 INFO  : 'configparams force-mem-access 0' command is executed.
18:56:00 INFO  : ----------------XSDB Script----------------
connect -url tcp:127.0.0.1:3121
source C:/Users/maglc/Desktop/local_work/Study/zynq_project/lab5/lab5.sdk/system_wrapper_hw_platform_1/ps7_init.tcl
targets -set -nocase -filter {name =~"APU*" && jtag_cable_name =~ "Digilent Zybo Z7 210351B482E6A"} -index 0
loadhw -hw C:/Users/maglc/Desktop/local_work/Study/zynq_project/lab5/lab5.sdk/system_wrapper_hw_platform_1/system.hdf -mem-ranges [list {0x40000000 0xbfffffff}]
configparams force-mem-access 1
targets -set -nocase -filter {name =~"APU*" && jtag_cable_name =~ "Digilent Zybo Z7 210351B482E6A"} -index 0
stop
ps7_init
ps7_post_config
targets -set -nocase -filter {name =~ "ARM*#0" && jtag_cable_name =~ "Digilent Zybo Z7 210351B482E6A"} -index 0
rst -processor
targets -set -nocase -filter {name =~ "ARM*#0" && jtag_cable_name =~ "Digilent Zybo Z7 210351B482E6A"} -index 0
dow C:/Users/maglc/Desktop/local_work/Study/zynq_project/lab5/lab5.sdk/lab5/Debug/lab5.elf
configparams force-mem-access 0
----------------End of Script----------------

18:56:00 INFO  : Memory regions updated for context APU
18:56:01 INFO  : Context for processor 'ps7_cortexa9_0' is selected.
18:56:01 INFO  : 'con' command is executed.
18:56:01 INFO  : ----------------XSDB Script (After Launch)----------------
targets -set -nocase -filter {name =~ "ARM*#0" && jtag_cable_name =~ "Digilent Zybo Z7 210351B482E6A"} -index 0
con
----------------End of Script----------------

18:56:01 INFO  : Launch script is exported to file 'C:\Users\maglc\Desktop\local_work\Study\zynq_project\lab5\lab5.sdk\.sdk\launch_scripts\xilinx_c-c++_application_(system_debugger)\system_debugger_using_debug_lab5.elf_on_local.tcl'
18:58:33 INFO  : Disconnected from the channel tcfchan#3.
18:58:34 INFO  : 'targets -set -filter {jtag_cable_name =~ "Digilent Zybo Z7 210351B482E6A" && level==0} -index 1' command is executed.
18:58:34 INFO  : 'fpga -state' command is executed.
18:58:34 INFO  : Connected to target on host '127.0.0.1' and port '3121'.
18:58:34 INFO  : Jtag cable 'Digilent Zybo Z7 210351B482E6A' is selected.
18:58:34 INFO  : 'jtag frequency' command is executed.
18:58:34 INFO  : Sourcing of 'C:/Users/maglc/Desktop/local_work/Study/zynq_project/lab5/lab5.sdk/system_wrapper_hw_platform_1/ps7_init.tcl' is done.
18:58:34 INFO  : Context for 'APU' is selected.
18:58:34 INFO  : Hardware design information is loaded from 'C:/Users/maglc/Desktop/local_work/Study/zynq_project/lab5/lab5.sdk/system_wrapper_hw_platform_1/system.hdf'.
18:58:34 INFO  : 'configparams force-mem-access 1' command is executed.
18:58:34 INFO  : Context for 'APU' is selected.
18:58:34 INFO  : 'stop' command is executed.
18:58:35 INFO  : 'ps7_init' command is executed.
18:58:35 INFO  : 'ps7_post_config' command is executed.
18:58:35 INFO  : Context for processor 'ps7_cortexa9_0' is selected.
18:58:35 INFO  : Processor reset is completed for 'ps7_cortexa9_0'.
18:58:35 INFO  : Context for processor 'ps7_cortexa9_0' is selected.
18:58:35 INFO  : The application 'C:/Users/maglc/Desktop/local_work/Study/zynq_project/lab5/lab5.sdk/lab5/Debug/lab5.elf' is downloaded to processor 'ps7_cortexa9_0'.
18:58:35 INFO  : 'configparams force-mem-access 0' command is executed.
18:58:35 INFO  : ----------------XSDB Script----------------
connect -url tcp:127.0.0.1:3121
source C:/Users/maglc/Desktop/local_work/Study/zynq_project/lab5/lab5.sdk/system_wrapper_hw_platform_1/ps7_init.tcl
targets -set -nocase -filter {name =~"APU*" && jtag_cable_name =~ "Digilent Zybo Z7 210351B482E6A"} -index 0
loadhw -hw C:/Users/maglc/Desktop/local_work/Study/zynq_project/lab5/lab5.sdk/system_wrapper_hw_platform_1/system.hdf -mem-ranges [list {0x40000000 0xbfffffff}]
configparams force-mem-access 1
targets -set -nocase -filter {name =~"APU*" && jtag_cable_name =~ "Digilent Zybo Z7 210351B482E6A"} -index 0
stop
ps7_init
ps7_post_config
targets -set -nocase -filter {name =~ "ARM*#0" && jtag_cable_name =~ "Digilent Zybo Z7 210351B482E6A"} -index 0
rst -processor
targets -set -nocase -filter {name =~ "ARM*#0" && jtag_cable_name =~ "Digilent Zybo Z7 210351B482E6A"} -index 0
dow C:/Users/maglc/Desktop/local_work/Study/zynq_project/lab5/lab5.sdk/lab5/Debug/lab5.elf
configparams force-mem-access 0
----------------End of Script----------------

18:58:35 INFO  : Memory regions updated for context APU
18:58:35 INFO  : Context for processor 'ps7_cortexa9_0' is selected.
18:58:35 INFO  : 'con' command is executed.
18:58:35 INFO  : ----------------XSDB Script (After Launch)----------------
targets -set -nocase -filter {name =~ "ARM*#0" && jtag_cable_name =~ "Digilent Zybo Z7 210351B482E6A"} -index 0
con
----------------End of Script----------------

18:58:35 INFO  : Launch script is exported to file 'C:\Users\maglc\Desktop\local_work\Study\zynq_project\lab5\lab5.sdk\.sdk\launch_scripts\xilinx_c-c++_application_(system_debugger)\system_debugger_using_debug_lab5.elf_on_local.tcl'
19:02:31 INFO  : Disconnected from the channel tcfchan#4.
