#-----------------------------------------------------------
# Vivado v2018.1 (64-bit)
# SW Build 2188600 on Wed Apr  4 18:40:38 MDT 2018
# IP Build 2185939 on Wed Apr  4 20:55:05 MDT 2018
# Start of session at: Wed Dec 14 17:58:14 2022
# Process ID: 1108
# Current directory: D:/ZYNQ_study/zynq_project/led_ip/ip_repo
# Command line: vivado.exe -gui_launcher_event rodinguilauncherevent22616 D:\ZYNQ_study\zynq_project\led_ip\ip_repo\edit_san_counter_v1_0.xpr
# Log file: D:/ZYNQ_study/zynq_project/led_ip/ip_repo/vivado.log
# Journal file: D:/ZYNQ_study/zynq_project/led_ip/ip_repo\vivado.jou
#-----------------------------------------------------------
start_gui
open_project D:/ZYNQ_study/zynq_project/led_ip/ip_repo/edit_san_counter_v1_0.xpr
CRITICAL WARNING: [Project 1-19] Could not find the file 'D:/ZYNQ_study/zynq_project/led_ip/ip_repo/san_counter_1.0/Component.xml'.
Scanning sources...
Finished scanning sources
INFO: [IP_Flow 19-234] Refreshing IP repositories
INFO: [IP_Flow 19-1700] Loaded user IP repository 'd:/ZYNQ_study/zynq_project/led_ip'.
WARNING: [IP_Flow 19-3656] If you move the project, the path for repository 'd:/ZYNQ_study/zynq_project/led_ip' may become invalid. A better location for the repository would be in a path adjacent to the project. (Current project location is 'd:/ZYNQ_study/zynq_project/led_ip/ip_repo'.)
INFO: [IP_Flow 19-2313] Loaded Vivado IP repository 'C:/Xilinx/Vivado/2018.1/data/ip'.
open_project: Time (s): cpu = 00:00:08 ; elapsed = 00:00:07 . Memory (MB): peak = 822.188 ; gain = 44.562
update_compile_order -fileset sources_1
reset_run synth_1
exit
INFO: [Common 17-206] Exiting Vivado at Wed Dec 14 17:59:56 2022...
